{"/home/helgisax/frontend-project-46/index.js": {"path":"/home/helgisax/frontend-project-46/index.js","all":false,"statementMap":{"0":{"start":{"line":1,"column":0},"end":{"line":1,"column":34}},"1":{"start":{"line":2,"column":0},"end":{"line":2,"column":30}},"2":{"start":{"line":3,"column":0},"end":{"line":3,"column":31}},"3":{"start":{"line":4,"column":0},"end":{"line":4,"column":39}},"4":{"start":{"line":5,"column":0},"end":{"line":5,"column":40}},"5":{"start":{"line":6,"column":0},"end":{"line":6,"column":56}},"6":{"start":{"line":7,"column":0},"end":{"line":7,"column":0}},"7":{"start":{"line":8,"column":0},"end":{"line":8,"column":80}},"8":{"start":{"line":9,"column":0},"end":{"line":9,"column":55}},"9":{"start":{"line":10,"column":0},"end":{"line":10,"column":0}},"10":{"start":{"line":11,"column":0},"end":{"line":11,"column":63}},"11":{"start":{"line":12,"column":0},"end":{"line":12,"column":68}},"12":{"start":{"line":13,"column":0},"end":{"line":13,"column":68}},"13":{"start":{"line":14,"column":0},"end":{"line":14,"column":0}},"14":{"start":{"line":15,"column":0},"end":{"line":15,"column":56}},"15":{"start":{"line":16,"column":0},"end":{"line":16,"column":2}},"16":{"start":{"line":17,"column":0},"end":{"line":17,"column":23}}},"s":{"0":1,"1":1,"2":1,"3":1,"4":1,"5":1,"6":1,"7":1,"8":1,"9":1,"10":1,"11":6,"12":6,"13":6,"14":6,"15":6,"16":1},"branchMap":{"0":{"type":"branch","line":8,"loc":{"start":{"line":8,"column":17},"end":{"line":8,"column":79}},"locations":[{"start":{"line":8,"column":17},"end":{"line":8,"column":79}}]},"1":{"type":"branch","line":9,"loc":{"start":{"line":9,"column":19},"end":{"line":9,"column":54}},"locations":[{"start":{"line":9,"column":19},"end":{"line":9,"column":54}}]},"2":{"type":"branch","line":11,"loc":{"start":{"line":11,"column":16},"end":{"line":16,"column":2}},"locations":[{"start":{"line":11,"column":16},"end":{"line":16,"column":2}}]}},"b":{"0":[12],"1":[12],"2":[6]},"fnMap":{"0":{"name":"getData","decl":{"start":{"line":8,"column":17},"end":{"line":8,"column":79}},"loc":{"start":{"line":8,"column":17},"end":{"line":8,"column":79}},"line":8},"1":{"name":"getFormat","decl":{"start":{"line":9,"column":19},"end":{"line":9,"column":54}},"loc":{"start":{"line":9,"column":19},"end":{"line":9,"column":54}},"line":9},"2":{"name":"genDiff","decl":{"start":{"line":11,"column":16},"end":{"line":16,"column":2}},"loc":{"start":{"line":11,"column":16},"end":{"line":16,"column":2}},"line":11}},"f":{"0":12,"1":12,"2":6}}
,"/home/helgisax/frontend-project-46/src/getDiff.js": {"path":"/home/helgisax/frontend-project-46/src/getDiff.js","all":false,"statementMap":{"0":{"start":{"line":1,"column":0},"end":{"line":1,"column":23}},"1":{"start":{"line":2,"column":0},"end":{"line":2,"column":0}},"2":{"start":{"line":3,"column":0},"end":{"line":3,"column":56}},"3":{"start":{"line":4,"column":0},"end":{"line":4,"column":6}},"4":{"start":{"line":5,"column":0},"end":{"line":5,"column":8}},"5":{"start":{"line":6,"column":0},"end":{"line":6,"column":7}},"6":{"start":{"line":7,"column":0},"end":{"line":7,"column":11}},"7":{"start":{"line":8,"column":0},"end":{"line":8,"column":3}},"8":{"start":{"line":9,"column":0},"end":{"line":9,"column":0}},"9":{"start":{"line":10,"column":0},"end":{"line":10,"column":33}},"10":{"start":{"line":11,"column":0},"end":{"line":11,"column":61}},"11":{"start":{"line":12,"column":0},"end":{"line":12,"column":35}},"12":{"start":{"line":13,"column":0},"end":{"line":13,"column":52}},"13":{"start":{"line":14,"column":0},"end":{"line":14,"column":51}},"14":{"start":{"line":15,"column":0},"end":{"line":15,"column":14}},"15":{"start":{"line":16,"column":0},"end":{"line":16,"column":23}},"16":{"start":{"line":17,"column":0},"end":{"line":17,"column":12}},"17":{"start":{"line":18,"column":0},"end":{"line":18,"column":42}},"18":{"start":{"line":19,"column":0},"end":{"line":19,"column":8}},"19":{"start":{"line":20,"column":0},"end":{"line":20,"column":5}},"20":{"start":{"line":21,"column":0},"end":{"line":21,"column":0}},"21":{"start":{"line":22,"column":0},"end":{"line":22,"column":63}},"22":{"start":{"line":23,"column":0},"end":{"line":23,"column":65}},"23":{"start":{"line":24,"column":0},"end":{"line":24,"column":79}},"24":{"start":{"line":25,"column":0},"end":{"line":25,"column":0}},"25":{"start":{"line":26,"column":0},"end":{"line":26,"column":44}},"26":{"start":{"line":27,"column":0},"end":{"line":27,"column":5}},"27":{"start":{"line":28,"column":0},"end":{"line":28,"column":15}},"28":{"start":{"line":29,"column":0},"end":{"line":29,"column":2}},"29":{"start":{"line":30,"column":0},"end":{"line":30,"column":23}}},"s":{"0":1,"1":1,"2":1,"3":84,"4":84,"5":84,"6":84,"7":1,"8":1,"9":1,"10":30,"11":30,"12":108,"13":108,"14":24,"15":24,"16":24,"17":24,"18":24,"19":24,"20":84,"21":108,"22":108,"23":108,"24":18,"25":18,"26":30,"27":30,"28":30,"29":1},"branchMap":{"0":{"type":"branch","line":3,"loc":{"start":{"line":3,"column":15},"end":{"line":8,"column":2}},"locations":[{"start":{"line":3,"column":15},"end":{"line":8,"column":2}}]},"1":{"type":"branch","line":10,"loc":{"start":{"line":10,"column":16},"end":{"line":29,"column":2}},"locations":[{"start":{"line":10,"column":16},"end":{"line":29,"column":2}}]},"2":{"type":"branch","line":12,"loc":{"start":{"line":12,"column":26},"end":{"line":27,"column":3}},"locations":[{"start":{"line":12,"column":26},"end":{"line":27,"column":3}}]},"3":{"type":"branch","line":14,"loc":{"start":{"line":14,"column":26},"end":{"line":14,"column":48}},"locations":[{"start":{"line":14,"column":26},"end":{"line":14,"column":48}}]},"4":{"type":"branch","line":14,"loc":{"start":{"line":14,"column":50},"end":{"line":20,"column":5}},"locations":[{"start":{"line":14,"column":50},"end":{"line":20,"column":5}}]},"5":{"type":"branch","line":20,"loc":{"start":{"line":20,"column":4},"end":{"line":22,"column":27}},"locations":[{"start":{"line":20,"column":4},"end":{"line":22,"column":27}}]},"6":{"type":"branch","line":22,"loc":{"start":{"line":22,"column":27},"end":{"line":22,"column":63}},"locations":[{"start":{"line":22,"column":27},"end":{"line":22,"column":63}}]},"7":{"type":"branch","line":22,"loc":{"start":{"line":22,"column":62},"end":{"line":23,"column":27}},"locations":[{"start":{"line":22,"column":62},"end":{"line":23,"column":27}}]},"8":{"type":"branch","line":23,"loc":{"start":{"line":23,"column":27},"end":{"line":23,"column":65}},"locations":[{"start":{"line":23,"column":27},"end":{"line":23,"column":65}}]},"9":{"type":"branch","line":23,"loc":{"start":{"line":23,"column":64},"end":{"line":24,"column":33}},"locations":[{"start":{"line":23,"column":64},"end":{"line":24,"column":33}}]},"10":{"type":"branch","line":24,"loc":{"start":{"line":24,"column":33},"end":{"line":24,"column":79}},"locations":[{"start":{"line":24,"column":33},"end":{"line":24,"column":79}}]},"11":{"type":"branch","line":24,"loc":{"start":{"line":24,"column":78},"end":{"line":27,"column":3}},"locations":[{"start":{"line":24,"column":78},"end":{"line":27,"column":3}}]}},"b":{"0":[84],"1":[30],"2":[108],"3":[36],"4":[24],"5":[84],"6":[30],"7":[54],"8":[12],"9":[42],"10":[24],"11":[18]},"fnMap":{"0":{"name":"mknode","decl":{"start":{"line":3,"column":15},"end":{"line":8,"column":2}},"loc":{"start":{"line":3,"column":15},"end":{"line":8,"column":2}},"line":3},"1":{"name":"getDiff","decl":{"start":{"line":10,"column":16},"end":{"line":29,"column":2}},"loc":{"start":{"line":10,"column":16},"end":{"line":29,"column":2}},"line":10}},"f":{"0":84,"1":30}}
,"/home/helgisax/frontend-project-46/src/parser.js": {"path":"/home/helgisax/frontend-project-46/src/parser.js","all":false,"statementMap":{"0":{"start":{"line":1,"column":0},"end":{"line":1,"column":31}},"1":{"start":{"line":2,"column":0},"end":{"line":2,"column":0}},"2":{"start":{"line":3,"column":0},"end":{"line":3,"column":37}},"3":{"start":{"line":4,"column":0},"end":{"line":4,"column":19}},"4":{"start":{"line":5,"column":0},"end":{"line":5,"column":16}},"5":{"start":{"line":6,"column":0},"end":{"line":6,"column":30}},"6":{"start":{"line":7,"column":0},"end":{"line":7,"column":16}},"7":{"start":{"line":8,"column":0},"end":{"line":8,"column":24}},"8":{"start":{"line":9,"column":0},"end":{"line":9,"column":15}},"9":{"start":{"line":10,"column":0},"end":{"line":10,"column":24}},"10":{"start":{"line":11,"column":0},"end":{"line":11,"column":12}},"11":{"start":{"line":12,"column":0},"end":{"line":12,"column":56}},"12":{"start":{"line":13,"column":0},"end":{"line":13,"column":3}},"13":{"start":{"line":14,"column":0},"end":{"line":14,"column":2}},"14":{"start":{"line":15,"column":0},"end":{"line":15,"column":25}}},"s":{"0":1,"1":1,"2":1,"3":12,"4":12,"5":6,"6":12,"7":0,"8":12,"9":6,"10":12,"11":0,"12":12,"13":12,"14":1},"branchMap":{"0":{"type":"branch","line":3,"loc":{"start":{"line":3,"column":18},"end":{"line":14,"column":2}},"locations":[{"start":{"line":3,"column":18},"end":{"line":14,"column":2}}]},"1":{"type":"branch","line":5,"loc":{"start":{"line":5,"column":4},"end":{"line":6,"column":30}},"locations":[{"start":{"line":5,"column":4},"end":{"line":6,"column":30}}]},"2":{"type":"branch","line":7,"loc":{"start":{"line":7,"column":4},"end":{"line":8,"column":24}},"locations":[{"start":{"line":7,"column":4},"end":{"line":8,"column":24}}]},"3":{"type":"branch","line":9,"loc":{"start":{"line":9,"column":4},"end":{"line":10,"column":24}},"locations":[{"start":{"line":9,"column":4},"end":{"line":10,"column":24}}]},"4":{"type":"branch","line":11,"loc":{"start":{"line":11,"column":4},"end":{"line":12,"column":56}},"locations":[{"start":{"line":11,"column":4},"end":{"line":12,"column":56}}]}},"b":{"0":[12],"1":[6],"2":[0],"3":[6],"4":[0]},"fnMap":{"0":{"name":"getParser","decl":{"start":{"line":3,"column":18},"end":{"line":14,"column":2}},"loc":{"start":{"line":3,"column":18},"end":{"line":14,"column":2}},"line":3}},"f":{"0":12}}
,"/home/helgisax/frontend-project-46/src/formatters/index.js": {"path":"/home/helgisax/frontend-project-46/src/formatters/index.js","all":false,"statementMap":{"0":{"start":{"line":1,"column":0},"end":{"line":1,"column":35}},"1":{"start":{"line":2,"column":0},"end":{"line":2,"column":31}},"2":{"start":{"line":3,"column":0},"end":{"line":3,"column":0}},"3":{"start":{"line":4,"column":0},"end":{"line":4,"column":43}},"4":{"start":{"line":5,"column":0},"end":{"line":5,"column":19}},"5":{"start":{"line":6,"column":0},"end":{"line":6,"column":19}},"6":{"start":{"line":7,"column":0},"end":{"line":7,"column":27}},"7":{"start":{"line":8,"column":0},"end":{"line":8,"column":17}},"8":{"start":{"line":9,"column":0},"end":{"line":9,"column":25}},"9":{"start":{"line":10,"column":0},"end":{"line":10,"column":16}},"10":{"start":{"line":11,"column":0},"end":{"line":11,"column":34}},"11":{"start":{"line":12,"column":0},"end":{"line":12,"column":12}},"12":{"start":{"line":13,"column":0},"end":{"line":13,"column":56}},"13":{"start":{"line":14,"column":0},"end":{"line":14,"column":3}},"14":{"start":{"line":15,"column":0},"end":{"line":15,"column":2}},"15":{"start":{"line":16,"column":0},"end":{"line":16,"column":0}},"16":{"start":{"line":17,"column":0},"end":{"line":17,"column":31}}},"s":{"0":1,"1":1,"2":1,"3":1,"4":6,"5":6,"6":3,"7":6,"8":3,"9":6,"10":0,"11":6,"12":0,"13":6,"14":6,"15":1,"16":1},"branchMap":{"0":{"type":"branch","line":4,"loc":{"start":{"line":4,"column":24},"end":{"line":15,"column":2}},"locations":[{"start":{"line":4,"column":24},"end":{"line":15,"column":2}}]},"1":{"type":"branch","line":6,"loc":{"start":{"line":6,"column":4},"end":{"line":7,"column":27}},"locations":[{"start":{"line":6,"column":4},"end":{"line":7,"column":27}}]},"2":{"type":"branch","line":8,"loc":{"start":{"line":8,"column":4},"end":{"line":9,"column":25}},"locations":[{"start":{"line":8,"column":4},"end":{"line":9,"column":25}}]},"3":{"type":"branch","line":10,"loc":{"start":{"line":10,"column":4},"end":{"line":11,"column":34}},"locations":[{"start":{"line":10,"column":4},"end":{"line":11,"column":34}}]},"4":{"type":"branch","line":12,"loc":{"start":{"line":12,"column":4},"end":{"line":13,"column":56}},"locations":[{"start":{"line":12,"column":4},"end":{"line":13,"column":56}}]}},"b":{"0":[6],"1":[3],"2":[3],"3":[0],"4":[0]},"fnMap":{"0":{"name":"formatSelection","decl":{"start":{"line":4,"column":24},"end":{"line":15,"column":2}},"loc":{"start":{"line":4,"column":24},"end":{"line":15,"column":2}},"line":4}},"f":{"0":6}}
,"/home/helgisax/frontend-project-46/src/formatters/plain.js": {"path":"/home/helgisax/frontend-project-46/src/formatters/plain.js","all":false,"statementMap":{"0":{"start":{"line":1,"column":0},"end":{"line":1,"column":23}},"1":{"start":{"line":2,"column":0},"end":{"line":2,"column":0}},"2":{"start":{"line":3,"column":0},"end":{"line":3,"column":31}},"3":{"start":{"line":4,"column":0},"end":{"line":4,"column":26}},"4":{"start":{"line":5,"column":0},"end":{"line":5,"column":29}},"5":{"start":{"line":6,"column":0},"end":{"line":6,"column":3}},"6":{"start":{"line":7,"column":0},"end":{"line":7,"column":58}},"7":{"start":{"line":8,"column":0},"end":{"line":8,"column":2}},"8":{"start":{"line":9,"column":0},"end":{"line":9,"column":0}},"9":{"start":{"line":10,"column":0},"end":{"line":10,"column":26}},"10":{"start":{"line":11,"column":0},"end":{"line":11,"column":39}},"11":{"start":{"line":12,"column":0},"end":{"line":12,"column":11}},"12":{"start":{"line":13,"column":0},"end":{"line":13,"column":43}},"13":{"start":{"line":14,"column":0},"end":{"line":14,"column":13}},"14":{"start":{"line":15,"column":0},"end":{"line":15,"column":19}},"15":{"start":{"line":16,"column":0},"end":{"line":16,"column":20}},"16":{"start":{"line":17,"column":0},"end":{"line":17,"column":87}},"17":{"start":{"line":18,"column":0},"end":{"line":18,"column":21}},"18":{"start":{"line":19,"column":0},"end":{"line":19,"column":56}},"19":{"start":{"line":20,"column":0},"end":{"line":20,"column":19}},"20":{"start":{"line":21,"column":0},"end":{"line":21,"column":87}},"21":{"start":{"line":22,"column":0},"end":{"line":22,"column":21}},"22":{"start":{"line":23,"column":0},"end":{"line":23,"column":110}},"23":{"start":{"line":24,"column":0},"end":{"line":24,"column":23}},"24":{"start":{"line":25,"column":0},"end":{"line":25,"column":18}},"25":{"start":{"line":26,"column":0},"end":{"line":26,"column":56}},"26":{"start":{"line":27,"column":0},"end":{"line":27,"column":5}},"27":{"start":{"line":28,"column":0},"end":{"line":28,"column":4}},"28":{"start":{"line":29,"column":0},"end":{"line":29,"column":49}},"29":{"start":{"line":30,"column":0},"end":{"line":30,"column":32}},"30":{"start":{"line":31,"column":0},"end":{"line":31,"column":2}},"31":{"start":{"line":32,"column":0},"end":{"line":32,"column":0}},"32":{"start":{"line":33,"column":0},"end":{"line":33,"column":21}}},"s":{"0":1,"1":1,"2":1,"3":39,"4":9,"5":9,"6":39,"7":39,"8":1,"9":1,"10":3,"11":54,"12":54,"13":54,"14":54,"15":54,"16":12,"17":54,"18":6,"19":54,"20":15,"21":54,"22":12,"23":54,"24":9,"25":54,"26":54,"27":3,"28":3,"29":3,"30":3,"31":1,"32":1},"branchMap":{"0":{"type":"branch","line":3,"loc":{"start":{"line":3,"column":20},"end":{"line":8,"column":2}},"locations":[{"start":{"line":3,"column":20},"end":{"line":8,"column":2}}]},"1":{"type":"branch","line":4,"loc":{"start":{"line":4,"column":25},"end":{"line":6,"column":3}},"locations":[{"start":{"line":4,"column":25},"end":{"line":6,"column":3}}]},"2":{"type":"branch","line":6,"loc":{"start":{"line":6,"column":2},"end":{"line":7,"column":38}},"locations":[{"start":{"line":6,"column":2},"end":{"line":7,"column":38}}]},"3":{"type":"branch","line":7,"loc":{"start":{"line":7,"column":34},"end":{"line":7,"column":49}},"locations":[{"start":{"line":7,"column":34},"end":{"line":7,"column":49}}]},"4":{"type":"branch","line":7,"loc":{"start":{"line":7,"column":49},"end":{"line":7,"column":57}},"locations":[{"start":{"line":7,"column":49},"end":{"line":7,"column":57}}]},"5":{"type":"branch","line":10,"loc":{"start":{"line":10,"column":15},"end":{"line":31,"column":2}},"locations":[{"start":{"line":10,"column":15},"end":{"line":31,"column":2}}]},"6":{"type":"branch","line":11,"loc":{"start":{"line":11,"column":15},"end":{"line":28,"column":3}},"locations":[{"start":{"line":11,"column":15},"end":{"line":28,"column":3}}]},"7":{"type":"branch","line":16,"loc":{"start":{"line":16,"column":6},"end":{"line":17,"column":87}},"locations":[{"start":{"line":16,"column":6},"end":{"line":17,"column":87}}]},"8":{"type":"branch","line":18,"loc":{"start":{"line":18,"column":6},"end":{"line":19,"column":56}},"locations":[{"start":{"line":18,"column":6},"end":{"line":19,"column":56}}]},"9":{"type":"branch","line":20,"loc":{"start":{"line":20,"column":6},"end":{"line":21,"column":87}},"locations":[{"start":{"line":20,"column":6},"end":{"line":21,"column":87}}]},"10":{"type":"branch","line":22,"loc":{"start":{"line":22,"column":6},"end":{"line":23,"column":110}},"locations":[{"start":{"line":22,"column":6},"end":{"line":23,"column":110}}]},"11":{"type":"branch","line":24,"loc":{"start":{"line":24,"column":6},"end":{"line":25,"column":18}},"locations":[{"start":{"line":24,"column":6},"end":{"line":25,"column":18}}]},"12":{"type":"branch","line":26,"loc":{"start":{"line":26,"column":6},"end":{"line":26,"column":56}},"locations":[{"start":{"line":26,"column":6},"end":{"line":26,"column":56}}]},"13":{"type":"branch","line":17,"loc":{"start":{"line":17,"column":33},"end":{"line":17,"column":74}},"locations":[{"start":{"line":17,"column":33},"end":{"line":17,"column":74}}]},"14":{"type":"branch","line":29,"loc":{"start":{"line":29,"column":28},"end":{"line":29,"column":47}},"locations":[{"start":{"line":29,"column":28},"end":{"line":29,"column":47}}]}},"b":{"0":[39],"1":[9],"2":[30],"3":[21],"4":[9],"5":[3],"6":[54],"7":[12],"8":[6],"9":[15],"10":[12],"11":[9],"12":[0],"13":[42],"14":[12]},"fnMap":{"0":{"name":"makeString","decl":{"start":{"line":3,"column":20},"end":{"line":8,"column":2}},"loc":{"start":{"line":3,"column":20},"end":{"line":8,"column":2}},"line":3},"1":{"name":"plain","decl":{"start":{"line":10,"column":15},"end":{"line":31,"column":2}},"loc":{"start":{"line":10,"column":15},"end":{"line":31,"column":2}},"line":10},"2":{"name":"iter","decl":{"start":{"line":11,"column":15},"end":{"line":28,"column":3}},"loc":{"start":{"line":11,"column":15},"end":{"line":28,"column":3}},"line":11}},"f":{"0":39,"1":3,"2":54}}
,"/home/helgisax/frontend-project-46/src/formatters/stylish.js": {"path":"/home/helgisax/frontend-project-46/src/formatters/stylish.js","all":false,"statementMap":{"0":{"start":{"line":1,"column":0},"end":{"line":1,"column":23}},"1":{"start":{"line":2,"column":0},"end":{"line":2,"column":0}},"2":{"start":{"line":3,"column":0},"end":{"line":3,"column":17}},"3":{"start":{"line":4,"column":0},"end":{"line":4,"column":17}},"4":{"start":{"line":5,"column":0},"end":{"line":5,"column":15}},"5":{"start":{"line":6,"column":0},"end":{"line":6,"column":13}},"6":{"start":{"line":7,"column":0},"end":{"line":7,"column":2}},"7":{"start":{"line":8,"column":0},"end":{"line":8,"column":0}},"8":{"start":{"line":9,"column":0},"end":{"line":9,"column":62}},"9":{"start":{"line":10,"column":0},"end":{"line":10,"column":0}},"10":{"start":{"line":11,"column":0},"end":{"line":11,"column":39}},"11":{"start":{"line":12,"column":0},"end":{"line":12,"column":27}},"12":{"start":{"line":13,"column":0},"end":{"line":13,"column":17}},"13":{"start":{"line":14,"column":0},"end":{"line":14,"column":3}},"14":{"start":{"line":15,"column":0},"end":{"line":15,"column":29}},"15":{"start":{"line":16,"column":0},"end":{"line":16,"column":36}},"16":{"start":{"line":17,"column":0},"end":{"line":17,"column":33}},"17":{"start":{"line":18,"column":0},"end":{"line":18,"column":77}},"18":{"start":{"line":19,"column":0},"end":{"line":19,"column":5}},"19":{"start":{"line":20,"column":0},"end":{"line":20,"column":57}},"20":{"start":{"line":21,"column":0},"end":{"line":21,"column":2}},"21":{"start":{"line":22,"column":0},"end":{"line":22,"column":0}},"22":{"start":{"line":23,"column":0},"end":{"line":23,"column":26}},"23":{"start":{"line":24,"column":0},"end":{"line":24,"column":35}},"24":{"start":{"line":25,"column":0},"end":{"line":25,"column":11}},"25":{"start":{"line":26,"column":0},"end":{"line":26,"column":43}},"26":{"start":{"line":27,"column":0},"end":{"line":27,"column":13}},"27":{"start":{"line":28,"column":0},"end":{"line":28,"column":19}},"28":{"start":{"line":29,"column":0},"end":{"line":29,"column":21}},"29":{"start":{"line":30,"column":0},"end":{"line":30,"column":19}},"30":{"start":{"line":31,"column":0},"end":{"line":31,"column":23}},"31":{"start":{"line":32,"column":0},"end":{"line":32,"column":84}},"32":{"start":{"line":33,"column":0},"end":{"line":33,"column":21}},"33":{"start":{"line":34,"column":0},"end":{"line":34,"column":157}},"34":{"start":{"line":35,"column":0},"end":{"line":35,"column":22}},"35":{"start":{"line":36,"column":0},"end":{"line":36,"column":79}},"36":{"start":{"line":37,"column":0},"end":{"line":37,"column":96}},"37":{"start":{"line":38,"column":0},"end":{"line":38,"column":7}},"38":{"start":{"line":39,"column":0},"end":{"line":39,"column":56}},"39":{"start":{"line":40,"column":0},"end":{"line":40,"column":5}},"40":{"start":{"line":41,"column":0},"end":{"line":41,"column":4}},"41":{"start":{"line":42,"column":0},"end":{"line":42,"column":47}},"42":{"start":{"line":43,"column":0},"end":{"line":43,"column":38}},"43":{"start":{"line":44,"column":0},"end":{"line":44,"column":2}},"44":{"start":{"line":45,"column":0},"end":{"line":45,"column":0}},"45":{"start":{"line":46,"column":0},"end":{"line":46,"column":23}}},"s":{"0":1,"1":1,"2":1,"3":1,"4":1,"5":1,"6":1,"7":1,"8":1,"9":1,"10":1,"11":81,"12":60,"13":60,"14":21,"15":21,"16":27,"17":27,"18":21,"19":21,"20":21,"21":1,"22":1,"23":3,"24":54,"25":54,"26":54,"27":54,"28":54,"29":54,"30":54,"31":30,"32":54,"33":12,"34":54,"35":12,"36":12,"37":12,"38":54,"39":54,"40":3,"41":3,"42":3,"43":3,"44":1,"45":1},"branchMap":{"0":{"type":"branch","line":9,"loc":{"start":{"line":9,"column":18},"end":{"line":9,"column":61}},"locations":[{"start":{"line":9,"column":18},"end":{"line":9,"column":61}}]},"1":{"type":"branch","line":11,"loc":{"start":{"line":11,"column":18},"end":{"line":21,"column":2}},"locations":[{"start":{"line":11,"column":18},"end":{"line":21,"column":2}}]},"2":{"type":"branch","line":12,"loc":{"start":{"line":12,"column":26},"end":{"line":14,"column":3}},"locations":[{"start":{"line":12,"column":26},"end":{"line":14,"column":3}}]},"3":{"type":"branch","line":14,"loc":{"start":{"line":14,"column":2},"end":{"line":21,"column":2}},"locations":[{"start":{"line":14,"column":2},"end":{"line":21,"column":2}}]},"4":{"type":"branch","line":16,"loc":{"start":{"line":16,"column":27},"end":{"line":19,"column":3}},"locations":[{"start":{"line":16,"column":27},"end":{"line":19,"column":3}}]},"5":{"type":"branch","line":23,"loc":{"start":{"line":23,"column":17},"end":{"line":44,"column":2}},"locations":[{"start":{"line":23,"column":17},"end":{"line":44,"column":2}}]},"6":{"type":"branch","line":24,"loc":{"start":{"line":24,"column":15},"end":{"line":41,"column":3}},"locations":[{"start":{"line":24,"column":15},"end":{"line":41,"column":3}}]},"7":{"type":"branch","line":29,"loc":{"start":{"line":29,"column":6},"end":{"line":29,"column":21}},"locations":[{"start":{"line":29,"column":6},"end":{"line":29,"column":21}}]},"8":{"type":"branch","line":30,"loc":{"start":{"line":30,"column":6},"end":{"line":30,"column":19}},"locations":[{"start":{"line":30,"column":6},"end":{"line":30,"column":19}}]},"9":{"type":"branch","line":31,"loc":{"start":{"line":31,"column":6},"end":{"line":32,"column":84}},"locations":[{"start":{"line":31,"column":6},"end":{"line":32,"column":84}}]},"10":{"type":"branch","line":33,"loc":{"start":{"line":33,"column":6},"end":{"line":34,"column":157}},"locations":[{"start":{"line":33,"column":6},"end":{"line":34,"column":157}}]},"11":{"type":"branch","line":35,"loc":{"start":{"line":35,"column":6},"end":{"line":38,"column":7}},"locations":[{"start":{"line":35,"column":6},"end":{"line":38,"column":7}}]},"12":{"type":"branch","line":39,"loc":{"start":{"line":39,"column":6},"end":{"line":39,"column":56}},"locations":[{"start":{"line":39,"column":6},"end":{"line":39,"column":56}}]},"13":{"type":"branch","line":36,"loc":{"start":{"line":36,"column":47},"end":{"line":36,"column":77}},"locations":[{"start":{"line":36,"column":47},"end":{"line":36,"column":77}}]},"14":{"type":"branch","line":42,"loc":{"start":{"line":42,"column":26},"end":{"line":42,"column":45}},"locations":[{"start":{"line":42,"column":26},"end":{"line":42,"column":45}}]}},"b":{"0":[126],"1":[81],"2":[60],"3":[21],"4":[27],"5":[3],"6":[54],"7":[6],"8":[21],"9":[30],"10":[12],"11":[12],"12":[0],"13":[42],"14":[12]},"fnMap":{"0":{"name":"setIndent","decl":{"start":{"line":9,"column":18},"end":{"line":9,"column":61}},"loc":{"start":{"line":9,"column":18},"end":{"line":9,"column":61}},"line":9},"1":{"name":"getString","decl":{"start":{"line":11,"column":18},"end":{"line":21,"column":2}},"loc":{"start":{"line":11,"column":18},"end":{"line":21,"column":2}},"line":11},"2":{"name":"stylish","decl":{"start":{"line":23,"column":17},"end":{"line":44,"column":2}},"loc":{"start":{"line":23,"column":17},"end":{"line":44,"column":2}},"line":23},"3":{"name":"iter","decl":{"start":{"line":24,"column":15},"end":{"line":41,"column":3}},"loc":{"start":{"line":24,"column":15},"end":{"line":41,"column":3}},"line":24}},"f":{"0":126,"1":81,"2":3,"3":54}}
}
