TN:
SF:index.js
FN:8,getData
FN:9,getFormat
FN:11,genDiff
FNF:3
FNH:3
FNDA:12,getData
FNDA:12,getFormat
FNDA:6,genDiff
DA:1,1
DA:2,1
DA:3,1
DA:4,1
DA:5,1
DA:6,1
DA:7,1
DA:8,1
DA:9,1
DA:10,1
DA:11,1
DA:12,6
DA:13,6
DA:14,6
DA:15,6
DA:16,6
DA:17,1
LF:17
LH:17
BRDA:8,0,0,12
BRDA:9,1,0,12
BRDA:11,2,0,6
BRF:3
BRH:3
end_of_record
TN:
SF:src/getDiff.js
FN:3,mknode
FN:10,getDiff
FNF:2
FNH:2
FNDA:84,mknode
FNDA:30,getDiff
DA:1,1
DA:2,1
DA:3,1
DA:4,84
DA:5,84
DA:6,84
DA:7,84
DA:8,1
DA:9,1
DA:10,1
DA:11,30
DA:12,30
DA:13,108
DA:14,108
DA:15,24
DA:16,24
DA:17,24
DA:18,24
DA:19,24
DA:20,24
DA:21,84
DA:22,108
DA:23,108
DA:24,108
DA:25,18
DA:26,18
DA:27,30
DA:28,30
DA:29,30
DA:30,1
LF:30
LH:30
BRDA:3,0,0,84
BRDA:10,1,0,30
BRDA:12,2,0,108
BRDA:14,3,0,36
BRDA:14,4,0,24
BRDA:20,5,0,84
BRDA:22,6,0,30
BRDA:22,7,0,54
BRDA:23,8,0,12
BRDA:23,9,0,42
BRDA:24,10,0,24
BRDA:24,11,0,18
BRF:12
BRH:12
end_of_record
TN:
SF:src/parser.js
FN:3,getParser
FNF:1
FNH:1
FNDA:12,getParser
DA:1,1
DA:2,1
DA:3,1
DA:4,12
DA:5,12
DA:6,6
DA:7,12
DA:8,0
DA:9,12
DA:10,6
DA:11,12
DA:12,0
DA:13,12
DA:14,12
DA:15,1
LF:15
LH:13
BRDA:3,0,0,12
BRDA:5,1,0,6
BRDA:7,2,0,0
BRDA:9,3,0,6
BRDA:11,4,0,0
BRF:5
BRH:3
end_of_record
TN:
SF:src/formatters/index.js
FN:4,formatSelection
FNF:1
FNH:1
FNDA:6,formatSelection
DA:1,1
DA:2,1
DA:3,1
DA:4,1
DA:5,6
DA:6,6
DA:7,3
DA:8,6
DA:9,3
DA:10,6
DA:11,0
DA:12,6
DA:13,0
DA:14,6
DA:15,6
DA:16,1
DA:17,1
LF:17
LH:15
BRDA:4,0,0,6
BRDA:6,1,0,3
BRDA:8,2,0,3
BRDA:10,3,0,0
BRDA:12,4,0,0
BRF:5
BRH:3
end_of_record
TN:
SF:src/formatters/plain.js
FN:3,makeString
FN:10,plain
FN:11,iter
FNF:3
FNH:3
FNDA:39,makeString
FNDA:3,plain
FNDA:54,iter
DA:1,1
DA:2,1
DA:3,1
DA:4,39
DA:5,9
DA:6,9
DA:7,39
DA:8,39
DA:9,1
DA:10,1
DA:11,3
DA:12,54
DA:13,54
DA:14,54
DA:15,54
DA:16,54
DA:17,12
DA:18,54
DA:19,6
DA:20,54
DA:21,15
DA:22,54
DA:23,12
DA:24,54
DA:25,9
DA:26,54
DA:27,54
DA:28,3
DA:29,3
DA:30,3
DA:31,3
DA:32,1
DA:33,1
LF:33
LH:33
BRDA:3,0,0,39
BRDA:4,1,0,9
BRDA:6,2,0,30
BRDA:7,3,0,21
BRDA:7,4,0,9
BRDA:10,5,0,3
BRDA:11,6,0,54
BRDA:16,7,0,12
BRDA:18,8,0,6
BRDA:20,9,0,15
BRDA:22,10,0,12
BRDA:24,11,0,9
BRDA:26,12,0,0
BRDA:17,13,0,42
BRDA:29,14,0,12
BRF:15
BRH:14
end_of_record
TN:
SF:src/formatters/stylish.js
FN:9,setIndent
FN:11,getString
FN:23,stylish
FN:24,iter
FNF:4
FNH:4
FNDA:126,setIndent
FNDA:81,getString
FNDA:3,stylish
FNDA:54,iter
DA:1,1
DA:2,1
DA:3,1
DA:4,1
DA:5,1
DA:6,1
DA:7,1
DA:8,1
DA:9,1
DA:10,1
DA:11,1
DA:12,81
DA:13,60
DA:14,60
DA:15,21
DA:16,21
DA:17,27
DA:18,27
DA:19,21
DA:20,21
DA:21,21
DA:22,1
DA:23,1
DA:24,3
DA:25,54
DA:26,54
DA:27,54
DA:28,54
DA:29,54
DA:30,54
DA:31,54
DA:32,30
DA:33,54
DA:34,12
DA:35,54
DA:36,12
DA:37,12
DA:38,12
DA:39,54
DA:40,54
DA:41,3
DA:42,3
DA:43,3
DA:44,3
DA:45,1
DA:46,1
LF:46
LH:46
BRDA:9,0,0,126
BRDA:11,1,0,81
BRDA:12,2,0,60
BRDA:14,3,0,21
BRDA:16,4,0,27
BRDA:23,5,0,3
BRDA:24,6,0,54
BRDA:29,7,0,6
BRDA:30,8,0,21
BRDA:31,9,0,30
BRDA:33,10,0,12
BRDA:35,11,0,12
BRDA:39,12,0,0
BRDA:36,13,0,42
BRDA:42,14,0,12
BRF:15
BRH:14
end_of_record
